[01m[K/home/akannan05/Desktop/endoscope/endoscope-camera/endo_ws/src/endofeed/src/publisher_endo_cam.cpp:[m[K In function â€˜[01m[Kint[01;32m[K main[m[K(int, char**)[m[Kâ€™:
[01m[K/home/akannan05/Desktop/endoscope/endoscope-camera/endo_ws/src/endofeed/src/publisher_endo_cam.cpp:44:31:[m[K [01;31m[Kerror: [m[Kâ€˜[01m[Kresized_frame[m[Kâ€™ was not declared in this scope
   44 |             cv::resize(frame, [01;31m[Kresized_frame[m[K, cv::Size(new_width, new_height));
      |                               [01;31m[K^~~~~~~~~~~~~[m[K
gmake[2]: *** [CMakeFiles/publisher_endo_cam.dir/build.make:76: CMakeFiles/publisher_endo_cam.dir/src/publisher_endo_cam.cpp.o] Error 1
gmake[1]: *** [CMakeFiles/Makefile2:137: CMakeFiles/publisher_endo_cam.dir/all] Error 2
gmake: *** [Makefile:146: all] Error 2
