[0.062s] Invoking command in '/home/akannan05/Desktop/endoscope/endoscope-camera/endo_ws/build/endofeed': CMAKE_PREFIX_PATH=${CMAKE_PREFIX_PATH}:/opt/ros/jazzy DEBUGINFOD_URLS=https://debuginfod.ubuntu.com /usr/bin/cmake --build /home/akannan05/Desktop/endoscope/endoscope-camera/endo_ws/build/endofeed -- -j1 -l1
[0.326s] [ 50%] [32mBuilding CXX object CMakeFiles/publisher_endo_cam.dir/src/publisher_endo_cam.cpp.o[0m
[5.042s] [01m[K/home/akannan05/Desktop/endoscope/endoscope-camera/endo_ws/src/endofeed/src/publisher_endo_cam.cpp:[m[K In function â€˜[01m[Kint[01;32m[K main[m[K(int, char**)[m[Kâ€™:
[5.042s] [01m[K/home/akannan05/Desktop/endoscope/endoscope-camera/endo_ws/src/endofeed/src/publisher_endo_cam.cpp:44:31:[m[K [01;31m[Kerror: [m[Kâ€˜[01m[Kresized_frame[m[Kâ€™ was not declared in this scope
[5.042s]    44 |             cv::resize(frame, [01;31m[Kresized_frame[m[K, cv::Size(new_width, new_height));
[5.042s]       |                               [01;31m[K^~~~~~~~~~~~~[m[K
[6.896s] gmake[2]: *** [CMakeFiles/publisher_endo_cam.dir/build.make:76: CMakeFiles/publisher_endo_cam.dir/src/publisher_endo_cam.cpp.o] Error 1
[6.896s] gmake[1]: *** [CMakeFiles/Makefile2:137: CMakeFiles/publisher_endo_cam.dir/all] Error 2
[6.896s] gmake: *** [Makefile:146: all] Error 2
[6.899s] Invoked command in '/home/akannan05/Desktop/endoscope/endoscope-camera/endo_ws/build/endofeed' returned '2': CMAKE_PREFIX_PATH=${CMAKE_PREFIX_PATH}:/opt/ros/jazzy DEBUGINFOD_URLS=https://debuginfod.ubuntu.com /usr/bin/cmake --build /home/akannan05/Desktop/endoscope/endoscope-camera/endo_ws/build/endofeed -- -j1 -l1
